2025-08-19 08:08:02,252 - smite_chatbot.storage.populate - INFO - Storage population session started
2025-08-19 08:08:02,253 - smite_chatbot.storage.populate - INFO - Storage directory: storage
2025-08-19 08:08:02,254 - smite_chatbot.storage.populate - INFO - Clearing all existing data
2025-08-19 08:08:02,302 - smite_chatbot.storage.database - INFO - Cleared all documents from database
2025-08-19 08:08:02,339 - smite_chatbot.storage.vector_store - INFO - Cleared all documents from vector store
2025-08-19 08:08:02,339 - smite_chatbot.storage.hybrid_store - INFO - Clear all: Database=True, VectorStore=True
2025-08-19 08:08:02,339 - smite_chatbot.storage.populate - INFO - Populating all document types
2025-08-19 08:08:02,342 - smite_chatbot.storage.populate - INFO - Found combined document file, using that
2025-08-19 08:08:02,398 - smite_chatbot.storage.populate - INFO - Loaded 628 documents from /home/momo/smite-chatbot/data/scrape-20250819_074118Z/processed/all_documents.json
2025-08-19 08:08:02,399 - smite_chatbot.storage.hybrid_store - INFO - Adding 628 documents to hybrid store
2025-08-19 08:08:02,415 - smite_chatbot.storage.database - INFO - Inserted 628/628 documents
2025-08-19 08:08:02,416 - smite_chatbot.storage.hybrid_store - INFO - Database: 628/628 documents added
2025-08-19 08:08:05,204 - smite_chatbot.storage.vector_store - INFO - Added batch 1: 100 documents
2025-08-19 08:08:07,023 - smite_chatbot.storage.vector_store - INFO - Added batch 2: 100 documents
2025-08-19 08:08:10,922 - smite_chatbot.storage.vector_store - INFO - Added batch 3: 100 documents
2025-08-19 08:08:15,065 - smite_chatbot.storage.vector_store - INFO - Added batch 4: 100 documents
2025-08-19 08:08:17,106 - smite_chatbot.storage.vector_store - INFO - Added batch 5: 100 documents
2025-08-19 08:08:21,351 - smite_chatbot.storage.vector_store - INFO - Added batch 6: 100 documents
2025-08-19 08:08:24,118 - smite_chatbot.storage.vector_store - INFO - Added batch 7: 28 documents
2025-08-19 08:08:24,118 - smite_chatbot.storage.vector_store - INFO - Added 628/628 documents to vector store
2025-08-19 08:08:24,119 - smite_chatbot.storage.hybrid_store - INFO - Vector store: 628/628 documents added
2025-08-19 08:08:24,161 - smite_chatbot.storage.populate - INFO - Population completed successfully!
