2025-08-19 04:04:35,014 - smite_chatbot.processors.orchestrator - INFO - Starting data processing session
2025-08-19 04:04:35,014 - smite_chatbot.processors.orchestrator - INFO - Data directory: /home/momo/smite-chatbot/data/scrape-20250819_074118Z
2025-08-19 04:04:35,015 - smite_chatbot.processors.orchestrator - INFO - Output directory: /home/momo/smite-chatbot/data/scrape-20250819_074118Z/processed
2025-08-19 04:04:35,015 - smite_chatbot.processors.orchestrator - INFO - Processing gods data...
2025-08-19 04:04:35,015 - smite_chatbot.processors.base - INFO - Processing /home/momo/smite-chatbot/data/scrape-20250819_074118Z/gods.json
2025-08-19 04:04:35,016 - smite_chatbot.processors.gods - INFO - Processing 64 gods
2025-08-19 04:04:35,017 - smite_chatbot.processors.base - INFO - Generated 336 documents
2025-08-19 04:04:35,018 - smite_chatbot.processors.base - INFO - Saved 64 documents to /home/momo/smite-chatbot/data/scrape-20250819_074118Z/processed/gods_processed.json
2025-08-19 04:04:35,021 - smite_chatbot.processors.base - INFO - Saved 272 documents to /home/momo/smite-chatbot/data/scrape-20250819_074118Z/processed/abilities_processed.json
2025-08-19 04:04:35,026 - smite_chatbot.processors.base - INFO - Saved 336 documents to /home/momo/smite-chatbot/data/scrape-20250819_074118Z/processed/gods_and_abilities_processed.json
2025-08-19 04:04:35,026 - smite_chatbot.processors.gods - INFO - Processed 64 gods and 272 abilities
2025-08-19 04:04:35,026 - smite_chatbot.processors.orchestrator - INFO - ✓ Gods processing completed: 336 documents
2025-08-19 04:04:35,026 - smite_chatbot.processors.orchestrator - INFO - Processing items data...
2025-08-19 04:04:35,027 - smite_chatbot.processors.base - INFO - Processing /home/momo/smite-chatbot/data/scrape-20250819_074118Z/items.json
2025-08-19 04:04:35,028 - smite_chatbot.processors.items - INFO - Processing 248 item entries
2025-08-19 04:04:35,031 - smite_chatbot.processors.items - INFO - Filtered to 216 actual items
2025-08-19 04:04:35,031 - smite_chatbot.processors.base - INFO - Generated 216 documents
2025-08-19 04:04:35,033 - smite_chatbot.processors.base - INFO - Saved 216 documents to /home/momo/smite-chatbot/data/scrape-20250819_074118Z/processed/items_processed.json
2025-08-19 04:04:35,033 - smite_chatbot.processors.items - INFO - Processed 216 items
2025-08-19 04:04:35,033 - smite_chatbot.processors.orchestrator - INFO - ✓ Items processing completed: 216 documents
2025-08-19 04:04:35,033 - smite_chatbot.processors.orchestrator - INFO - Processing patches data...
2025-08-19 04:04:35,033 - smite_chatbot.processors.base - INFO - Processing /home/momo/smite-chatbot/data/scrape-20250819_074118Z/patch_details.json
2025-08-19 04:04:35,036 - smite_chatbot.processors.patches - INFO - Processing 28 patches
2025-08-19 04:04:35,037 - smite_chatbot.processors.base - INFO - Generated 76 documents
2025-08-19 04:04:35,038 - smite_chatbot.processors.base - INFO - Saved 28 documents to /home/momo/smite-chatbot/data/scrape-20250819_074118Z/processed/patches_processed.json
2025-08-19 04:04:35,039 - smite_chatbot.processors.base - INFO - Saved 48 documents to /home/momo/smite-chatbot/data/scrape-20250819_074118Z/processed/god_changes_processed.json
2025-08-19 04:04:35,041 - smite_chatbot.processors.base - INFO - Saved 76 documents to /home/momo/smite-chatbot/data/scrape-20250819_074118Z/processed/patches_and_changes_processed.json
2025-08-19 04:04:35,041 - smite_chatbot.processors.patches - INFO - Processed 28 patches and 48 god changes
2025-08-19 04:04:35,041 - smite_chatbot.processors.orchestrator - INFO - ✓ Patches processing completed: 76 documents
2025-08-19 04:04:35,050 - smite_chatbot.processors.orchestrator - INFO - ✓ Saved 628 total documents to /home/momo/smite-chatbot/data/scrape-20250819_074118Z/processed/all_documents.json
2025-08-19 04:04:35,056 - smite_chatbot.processors.orchestrator - INFO - Data processing completed successfully!
